<?xml version="1.0" encoding="UTF-8"?>
<testsuite xmlns:xsi="http://www.w3.org/2001/XMLSchema-instance" xsi:noNamespaceSchemaLocation="https://maven.apache.org/surefire/maven-failsafe-plugin/xsd/failsafe-test-report.xsd" name="anis.com.beer.order.service.services.BeerOrderManagerImpIT" time="10.224" tests="1" errors="1" skipped="0" failures="0">
  <properties>
[...]
</properties>
  <testcase name="itShouldAllocated" classname="anis.com.beer.order.service.services.BeerOrderManagerImpIT" time="0.165">
    <error message="java.lang.RuntimeException: java.io.IOException: Failed to bind to /0.0.0.0:8080" type="com.github.tomakehurst.wiremock.common.FatalStartupException">com.github.tomakehurst.wiremock.common.FatalStartupException: java.lang.RuntimeException: java.io.IOException: Failed to bind to /0.0.0.0:8080
Caused by: java.lang.RuntimeException: java.io.IOException: Failed to bind to /0.0.0.0:8080
Caused by: java.io.IOException: Failed to bind to /0.0.0.0:8080
Caused by: java.net.BindException: Address already in use
</error>
    <system-out><![CDATA[23:26:45.063 [main] DEBUG org.springframework.test.context.BootstrapUtils - Instantiating CacheAwareContextLoaderDelegate from class [org.springframework.test.context.cache.DefaultCacheAwareContextLoaderDelegate]
23:26:45.091 [main] DEBUG org.springframework.test.context.BootstrapUtils - Instantiating BootstrapContext using constructor [public org.springframework.test.context.support.DefaultBootstrapContext(java.lang.Class,org.springframework.test.context.CacheAwareContextLoaderDelegate)]
23:26:45.135 [main] DEBUG org.springframework.test.context.BootstrapUtils - Instantiating TestContextBootstrapper for test class [anis.com.beer.order.service.services.BeerOrderManagerImpIT] from class [org.springframework.boot.test.context.SpringBootTestContextBootstrapper]
23:26:45.165 [main] INFO org.springframework.boot.test.context.SpringBootTestContextBootstrapper - Neither @ContextConfiguration nor @ContextHierarchy found for test class [anis.com.beer.order.service.services.BeerOrderManagerImpIT], using SpringBootContextLoader
23:26:45.175 [main] DEBUG org.springframework.test.context.support.AbstractContextLoader - Did not detect default resource location for test class [anis.com.beer.order.service.services.BeerOrderManagerImpIT]: class path resource [anis/com/beer/order/service/services/BeerOrderManagerImpIT-context.xml] does not exist
23:26:45.176 [main] DEBUG org.springframework.test.context.support.AbstractContextLoader - Did not detect default resource location for test class [anis.com.beer.order.service.services.BeerOrderManagerImpIT]: class path resource [anis/com/beer/order/service/services/BeerOrderManagerImpITContext.groovy] does not exist
23:26:45.176 [main] INFO org.springframework.test.context.support.AbstractContextLoader - Could not detect default resource locations for test class [anis.com.beer.order.service.services.BeerOrderManagerImpIT]: no resource found for suffixes {-context.xml, Context.groovy}.
23:26:45.256 [main] DEBUG org.springframework.test.context.support.ActiveProfilesUtils - Could not find an 'annotation declaring class' for annotation type [org.springframework.test.context.ActiveProfiles] and class [anis.com.beer.order.service.services.BeerOrderManagerImpIT]
23:26:45.363 [main] DEBUG org.springframework.context.annotation.ClassPathScanningCandidateComponentProvider - Identified candidate component class: file [/Users/anismedini/Downloads/mssc-beer-order-service-b/target/classes/anis/com/beer/order/service/BeerOrderServiceApplication.class]
23:26:45.363 [main] INFO org.springframework.boot.test.context.SpringBootTestContextBootstrapper - Found @SpringBootConfiguration anis.com.beer.order.service.BeerOrderServiceApplication for test class anis.com.beer.order.service.services.BeerOrderManagerImpIT
23:26:45.613 [main] DEBUG org.springframework.boot.test.context.SpringBootTestContextBootstrapper - @TestExecutionListeners is not present for class [anis.com.beer.order.service.services.BeerOrderManagerImpIT]: using defaults.
23:26:45.614 [main] INFO org.springframework.boot.test.context.SpringBootTestContextBootstrapper - Loaded default TestExecutionListener class names from location [META-INF/spring.factories]: [org.spockframework.spring.SpringMockTestExecutionListener, org.springframework.test.context.web.ServletTestExecutionListener, org.springframework.test.context.support.DirtiesContextBeforeModesTestExecutionListener, org.springframework.test.context.support.DependencyInjectionTestExecutionListener, org.springframework.test.context.support.DirtiesContextTestExecutionListener, org.springframework.test.context.transaction.TransactionalTestExecutionListener, org.springframework.test.context.jdbc.SqlScriptsTestExecutionListener, org.springframework.test.context.event.EventPublishingTestExecutionListener, org.springframework.boot.test.mock.mockito.MockitoTestExecutionListener, org.springframework.boot.test.mock.mockito.ResetMocksTestExecutionListener, org.springframework.boot.test.autoconfigure.restdocs.RestDocsTestExecutionListener, org.springframework.boot.test.autoconfigure.web.client.MockRestServiceServerResetTestExecutionListener, org.springframework.boot.test.autoconfigure.web.servlet.MockMvcPrintOnlyOnFailureTestExecutionListener, org.springframework.boot.test.autoconfigure.web.servlet.WebDriverTestExecutionListener]
23:26:45.643 [main] INFO org.springframework.boot.test.context.SpringBootTestContextBootstrapper - Using TestExecutionListeners: [org.springframework.test.context.web.ServletTestExecutionListener@14eb96e9, org.springframework.test.context.support.DirtiesContextBeforeModesTestExecutionListener@10b3ea72, org.springframework.boot.test.mock.mockito.MockitoTestExecutionListener@44587c44, org.springframework.boot.test.autoconfigure.SpringBootDependencyInjectionTestExecutionListener@618fb1, org.springframework.test.context.support.DirtiesContextTestExecutionListener@48751d8a, org.springframework.test.context.transaction.TransactionalTestExecutionListener@471a9e8c, org.springframework.test.context.jdbc.SqlScriptsTestExecutionListener@40277077, org.springframework.test.context.event.EventPublishingTestExecutionListener@4cb773c5, org.springframework.boot.test.mock.mockito.ResetMocksTestExecutionListener@2c4eae94, org.springframework.boot.test.autoconfigure.restdocs.RestDocsTestExecutionListener@3f33bb6f, org.springframework.boot.test.autoconfigure.web.client.MockRestServiceServerResetTestExecutionListener@446cc036, org.springframework.boot.test.autoconfigure.web.servlet.MockMvcPrintOnlyOnFailureTestExecutionListener@33b2ba25, org.springframework.boot.test.autoconfigure.web.servlet.WebDriverTestExecutionListener@6ad198c9, org.spockframework.spring.SpringMockTestExecutionListener@481bae3f]
23:26:45.648 [main] DEBUG org.springframework.test.context.support.AbstractDirtiesContextTestExecutionListener - Before test class: context [DefaultTestContext@362c48c testClass = BeerOrderManagerImpIT, testInstance = [null], testMethod = [null], testException = [null], mergedContextConfiguration = [WebMergedContextConfiguration@62aee901 testClass = BeerOrderManagerImpIT, locations = '{}', classes = '{class anis.com.beer.order.service.BeerOrderServiceApplication, class anis.com.beer.order.service.services.BeerOrderManagerImpIT$RestTemplateBuilderProvider}', contextInitializerClasses = '[]', activeProfiles = '{}', propertySourceLocations = '{}', propertySourceProperties = '{org.springframework.boot.test.context.SpringBootTestContextBootstrapper=true}', contextCustomizers = set[org.spockframework.spring.mock.SpockContextCustomizer@0, org.springframework.boot.test.context.filter.ExcludeFilterContextCustomizer@4d354a3e, org.springframework.boot.test.json.DuplicateJsonObjectContextCustomizerFactory$DuplicateJsonObjectContextCustomizer@666618d6, org.springframework.boot.test.mock.mockito.MockitoContextCustomizer@0, org.springframework.boot.test.web.client.TestRestTemplateContextCustomizer@5cfed0ba, org.springframework.boot.test.autoconfigure.properties.PropertyMappingContextCustomizer@0, org.springframework.boot.test.autoconfigure.web.servlet.WebDriverContextCustomizerFactory$Customizer@212fafd1], resourceBasePath = 'src/main/webapp', contextLoader = 'org.springframework.boot.test.context.SpringBootContextLoader', parent = [null]], attributes = map['org.springframework.test.context.web.ServletTestExecutionListener.activateListener' -> true]], class annotated with @DirtiesContext [false] with mode [null].
23:26:45.742 [main] DEBUG org.springframework.test.context.support.TestPropertySourceUtils - Adding inlined properties to environment: {spring.jmx.enabled=false, org.springframework.boot.test.context.SpringBootTestContextBootstrapper=true, server.port=-1}

  .   ____          _            __ _ _
 /\\ / ___'_ __ _ _(_)_ __  __ _ \ \ \ \
( ( )\___ | '_ | '_| | '_ \/ _` | \ \ \ \
 \\/  ___)| |_)| | | | | || (_| |  ) ) ) )
  '  |____| .__|_| |_|_| |_\__, | / / / /
 =========|_|==============|___/=/_/_/_/
 :: Spring Boot ::        (v2.2.1.RELEASE)

2020-09-29 23:26:46.121  INFO 5122 --- [           main] a.c.b.o.s.s.BeerOrderManagerImpIT        : Starting BeerOrderManagerImpIT on Aniss-MacBook-Pro.local with PID 5122 (started by anismedini in /Users/anismedini/Downloads/mssc-beer-order-service-b)
2020-09-29 23:26:46.122 DEBUG 5122 --- [           main] a.c.b.o.s.s.BeerOrderManagerImpIT        : Running with Spring Boot v2.2.1.RELEASE, Spring v5.2.1.RELEASE
2020-09-29 23:26:46.123  INFO 5122 --- [           main] a.c.b.o.s.s.BeerOrderManagerImpIT        : No active profile set, falling back to default profiles: default
2020-09-29 23:26:47.758  INFO 5122 --- [           main] .s.d.r.c.RepositoryConfigurationDelegate : Bootstrapping Spring Data repositories in DEFAULT mode.
2020-09-29 23:26:47.851  INFO 5122 --- [           main] .s.d.r.c.RepositoryConfigurationDelegate : Finished Spring Data repository scanning in 80ms. Found 3 repository interfaces.
2020-09-29 23:26:48.463  INFO 5122 --- [           main] trationDelegate$BeanPostProcessorChecker : Bean 'org.springframework.transaction.annotation.ProxyTransactionManagementConfiguration' of type [org.springframework.transaction.annotation.ProxyTransactionManagementConfiguration] is not eligible for getting processed by all BeanPostProcessors (for example: not eligible for auto-proxying)
2020-09-29 23:26:48.503  INFO 5122 --- [           main] trationDelegate$BeanPostProcessorChecker : Bean 'org.springframework.statemachine.config.configuration.StateMachineAnnotationPostProcessorConfiguration' of type [org.springframework.statemachine.config.configuration.StateMachineAnnotationPostProcessorConfiguration$$EnhancerBySpringCGLIB$$564a276f] is not eligible for getting processed by all BeanPostProcessors (for example: not eligible for auto-proxying)
2020-09-29 23:26:48.713  INFO 5122 --- [           main] com.zaxxer.hikari.HikariDataSource       : HikariPool-1 - Starting...
2020-09-29 23:26:49.089  INFO 5122 --- [           main] com.zaxxer.hikari.HikariDataSource       : HikariPool-1 - Start completed.
2020-09-29 23:26:49.183  INFO 5122 --- [           main] o.hibernate.jpa.internal.util.LogHelper  : HHH000204: Processing PersistenceUnitInfo [name: default]
2020-09-29 23:26:49.296  INFO 5122 --- [           main] org.hibernate.Version                    : HHH000412: Hibernate Core {5.4.8.Final}
2020-09-29 23:26:49.548  INFO 5122 --- [           main] o.hibernate.annotations.common.Version   : HCANN000001: Hibernate Commons Annotations {5.1.0.Final}
2020-09-29 23:26:49.742  INFO 5122 --- [           main] org.hibernate.dialect.Dialect            : HHH000400: Using dialect: org.hibernate.dialect.H2Dialect
2020-09-29 23:26:50.708  INFO 5122 --- [           main] o.h.e.t.j.p.i.JtaPlatformInitiator       : HHH000490: Using JtaPlatform implementation: [org.hibernate.engine.transaction.jta.platform.internal.NoJtaPlatform]
2020-09-29 23:26:50.715  INFO 5122 --- [           main] j.LocalContainerEntityManagerFactoryBean : Initialized JPA EntityManagerFactory for persistence unit 'default'
2020-09-29 23:26:50.918 ERROR 5122 --- [           main] javax.management.mbeanserver             : The LogManager accessed before the "java.util.logging.manager" system property was set to "org.jboss.logmanager.LogManager". Results may be unexpected.
2020-09-29 23:26:50.994  INFO 5122 --- [           main] org.apache.activemq.artemis.core.server  : AMQ221000: live Message Broker is starting with configuration Broker Configuration (clustered=false,journalDirectory=/var/folders/zf/9r0q9m491jb6rdwtnql5kbyw0000gn/T/artemis-data/journal,bindingsDirectory=data/bindings,largeMessagesDirectory=data/largemessages,pagingDirectory=data/paging)
2020-09-29 23:26:51.004  INFO 5122 --- [           main] org.apache.activemq.artemis.core.server  : AMQ221045: libaio is not available, switching the configuration into NIO
2020-09-29 23:26:51.024  INFO 5122 --- [           main] org.apache.activemq.artemis.core.server  : AMQ221057: Global Max Size is being adjusted to 1/2 of the JVM max size (-Xmx). being defined as 2,147,483,648
2020-09-29 23:26:51.051  INFO 5122 --- [           main] org.apache.activemq.artemis.core.server  : AMQ221043: Protocol module found: [artemis-server]. Adding protocol support for: CORE
2020-09-29 23:26:51.095  INFO 5122 --- [           main] org.apache.activemq.audit.base           : AMQ601138: User anonymous is getting notification info on target resource: null []
2020-09-29 23:26:51.097  INFO 5122 --- [           main] org.apache.activemq.audit.base           : AMQ601019: User anonymous is getting mbean info on target resource: org.apache.activemq.artemis.core.management.impl.ActiveMQServerControlImpl@2c57b4c7 []
2020-09-29 23:26:51.097  INFO 5122 --- [           main] org.apache.activemq.audit.base           : AMQ601138: User anonymous is getting notification info on target resource: ActiveMQServerImpl::serverUUID=ecdfac6e-02e5-11eb-aa6e-96ec65d9b308 []
2020-09-29 23:26:51.108  INFO 5122 --- [           main] org.apache.activemq.artemis.core.server  : AMQ224092: Despite disabled persistence, page files will be persisted.
2020-09-29 23:26:51.113  INFO 5122 --- [           main] org.apache.activemq.artemis.core.server  : AMQ221080: Deploying address DLQ supporting [ANYCAST]
2020-09-29 23:26:51.118  INFO 5122 --- [           main] org.apache.activemq.audit.base           : AMQ601019: User anonymous is getting mbean info on target resource: org.apache.activemq.artemis.core.management.impl.AddressControlImpl@6ec8bd12 []
2020-09-29 23:26:51.154  INFO 5122 --- [           main] org.apache.activemq.artemis.core.server  : AMQ221003: Deploying ANYCAST queue DLQ on address DLQ
2020-09-29 23:26:51.274  INFO 5122 --- [           main] org.apache.activemq.audit.base           : AMQ601019: User anonymous is getting mbean info on target resource: org.apache.activemq.artemis.core.management.impl.QueueControlImpl@34fd16e6 []
2020-09-29 23:26:51.277  INFO 5122 --- [           main] org.apache.activemq.artemis.core.server  : AMQ221080: Deploying address ExpiryQueue supporting [ANYCAST]
2020-09-29 23:26:51.278  INFO 5122 --- [           main] org.apache.activemq.audit.base           : AMQ601019: User anonymous is getting mbean info on target resource: org.apache.activemq.artemis.core.management.impl.AddressControlImpl@5df9994a []
2020-09-29 23:26:51.278  INFO 5122 --- [           main] org.apache.activemq.artemis.core.server  : AMQ221003: Deploying ANYCAST queue ExpiryQueue on address ExpiryQueue
2020-09-29 23:26:51.280  INFO 5122 --- [           main] org.apache.activemq.audit.base           : AMQ601019: User anonymous is getting mbean info on target resource: org.apache.activemq.artemis.core.management.impl.QueueControlImpl@354be785 []
2020-09-29 23:26:51.284  INFO 5122 --- [           main] org.apache.activemq.audit.base           : AMQ601019: User anonymous is getting mbean info on target resource: org.apache.activemq.artemis.core.management.impl.AddressControlImpl@6b627a84 []
2020-09-29 23:26:51.311  INFO 5122 --- [           main] org.apache.activemq.audit.base           : AMQ601019: User anonymous is getting mbean info on target resource: org.apache.activemq.artemis.core.management.impl.AcceptorControlImpl@2323430c []
2020-09-29 23:26:51.316  INFO 5122 --- [           main] org.apache.activemq.artemis.core.server  : AMQ221007: Server is now live
2020-09-29 23:26:51.316  INFO 5122 --- [           main] org.apache.activemq.artemis.core.server  : AMQ221001: Apache ActiveMQ Artemis Message Broker version 2.10.1 [localhost, nodeID=ecdfac6e-02e5-11eb-aa6e-96ec65d9b308] 
2020-09-29 23:26:52.671  INFO 5122 --- [           main] org.eclipse.jetty.util.log               : Logging initialized @8892ms to org.eclipse.jetty.util.log.Slf4jLog
2020-09-29 23:26:52.870  INFO 5122 --- [           main] org.eclipse.jetty.server.Server          : jetty-9.4.22.v20191022; built: 2019-10-22T13:37:13.455Z; git: b1e6b55512e008f7fbdf1cbea4ff8a6446d1073b; jvm 11.0.6+10-LTS
2020-09-29 23:26:52.901  INFO 5122 --- [           main] o.e.jetty.server.handler.ContextHandler  : Started o.e.j.s.ServletContextHandler@507f721f{/__admin,null,AVAILABLE}
2020-09-29 23:26:52.905  INFO 5122 --- [           main] o.e.jetty.server.handler.ContextHandler  : Started o.e.j.s.ServletContextHandler@96dde8f{/,null,AVAILABLE}
2020-09-29 23:26:52.948  INFO 5122 --- [           main] o.e.jetty.server.AbstractConnector       : Started NetworkTrafficServerConnector@762bcc4a{HTTP/1.1,[http/1.1]}{0.0.0.0:8084}
2020-09-29 23:26:52.948  INFO 5122 --- [           main] org.eclipse.jetty.server.Server          : Started @9169ms
2020-09-29 23:26:53.198  WARN 5122 --- [           main] JpaBaseConfiguration$JpaWebConfiguration : spring.jpa.open-in-view is enabled by default. Therefore, database queries may be performed during view rendering. Explicitly configure spring.jpa.open-in-view to disable this warning
2020-09-29 23:26:53.871  WARN 5122 --- [           main] .b.a.g.t.GroovyTemplateAutoConfiguration : Cannot find template location: classpath:/templates/ (please add some templates, check your Groovy configuration, or set spring.groovy.template.check-template-location=false)
2020-09-29 23:26:54.343  INFO 5122 --- [           main] o.s.b.a.e.web.EndpointLinksResolver      : Exposing 2 endpoint(s) beneath base path '/actuator'
2020-09-29 23:26:54.581  INFO 5122 --- [308-1001367425)] org.apache.activemq.audit.base           : AMQ601267: User anonymous is creating a core session on target resource ActiveMQServerImpl::serverUUID=ecdfac6e-02e5-11eb-aa6e-96ec65d9b308 [with parameters: [ef052486-02e5-11eb-aa6e-96ec65d9b308, null, ****, 102400, RemotingConnectionImpl [ID=eef015e3-02e5-11eb-aa6e-96ec65d9b308, clientID=null, nodeID=ecdfac6e-02e5-11eb-aa6e-96ec65d9b308, transportConnection=InVMConnection [serverID=0, id=eef015e3-02e5-11eb-aa6e-96ec65d9b308]], false, false, false, false, null, org.apache.activemq.artemis.core.protocol.core.impl.CoreSessionCallback@100a5a2b, true, org.apache.activemq.artemis.core.persistence.impl.nullpm.NullStorageManager$2@50284e32, anonymous]]
2020-09-29 23:26:54.636  INFO 5122 --- [308-1001367425)] org.apache.activemq.audit.base           : AMQ601267: User anonymous is creating a core session on target resource ActiveMQServerImpl::serverUUID=ecdfac6e-02e5-11eb-aa6e-96ec65d9b308 [with parameters: [ef0d61e7-02e5-11eb-aa6e-96ec65d9b308, null, ****, 102400, RemotingConnectionImpl [ID=eef015e3-02e5-11eb-aa6e-96ec65d9b308, clientID=null, nodeID=ecdfac6e-02e5-11eb-aa6e-96ec65d9b308, transportConnection=InVMConnection [serverID=0, id=eef015e3-02e5-11eb-aa6e-96ec65d9b308]], false, false, false, false, null, org.apache.activemq.artemis.core.protocol.core.impl.CoreSessionCallback@5220dd06, true, org.apache.activemq.artemis.core.persistence.impl.nullpm.NullStorageManager$2@50284e32, anonymous]]
2020-09-29 23:26:54.647  INFO 5122 --- [           main] a.c.b.o.s.s.BeerOrderManagerImpIT        : Started BeerOrderManagerImpIT in 8.891 seconds (JVM running for 10.868)
2020-09-29 23:26:54.651  INFO 5122 --- [308-1001367425)] org.apache.activemq.audit.base           : AMQ601267: User anonymous is creating a core session on target resource ActiveMQServerImpl::serverUUID=ecdfac6e-02e5-11eb-aa6e-96ec65d9b308 [with parameters: [ef0fd2e8-02e5-11eb-aa6e-96ec65d9b308, null, ****, 102400, RemotingConnectionImpl [ID=eef015e3-02e5-11eb-aa6e-96ec65d9b308, clientID=null, nodeID=ecdfac6e-02e5-11eb-aa6e-96ec65d9b308, transportConnection=InVMConnection [serverID=0, id=eef015e3-02e5-11eb-aa6e-96ec65d9b308]], false, false, false, false, null, org.apache.activemq.artemis.core.protocol.core.impl.CoreSessionCallback@125aae6, true, org.apache.activemq.artemis.core.persistence.impl.nullpm.NullStorageManager$2@50284e32, anonymous]]
2020-09-29 23:26:54.656  INFO 5122 --- [308-1001367425)] org.apache.activemq.audit.base           : AMQ601267: User anonymous is creating a core session on target resource ActiveMQServerImpl::serverUUID=ecdfac6e-02e5-11eb-aa6e-96ec65d9b308 [with parameters: [ef106f29-02e5-11eb-aa6e-96ec65d9b308, null, ****, 102400, RemotingConnectionImpl [ID=eef015e3-02e5-11eb-aa6e-96ec65d9b308, clientID=null, nodeID=ecdfac6e-02e5-11eb-aa6e-96ec65d9b308, transportConnection=InVMConnection [serverID=0, id=eef015e3-02e5-11eb-aa6e-96ec65d9b308]], false, false, false, false, null, org.apache.activemq.artemis.core.protocol.core.impl.CoreSessionCallback@11445c39, true, org.apache.activemq.artemis.core.persistence.impl.nullpm.NullStorageManager$2@50284e32, anonymous]]
2020-09-29 23:26:54.677  INFO 5122 --- [Impl$6@895043f)] org.apache.activemq.audit.base           : AMQ601065: User anonymous is creating a queue on target resource: ServerSessionImpl(jms-session=*N/A*) [with parameters: [Address [name=validate-order, id=0, routingTypes={ANYCAST}, autoCreated=false, paused=false], validate-order, null, false, true, -1, false, false, false, -1, null, false, null, false, 0, -1, true, 0, 0, true]]
2020-09-29 23:26:54.677  INFO 5122 --- [Impl$6@895043f)] org.apache.activemq.audit.base           : AMQ601065: User anonymous is creating a queue on target resource: ServerSessionImpl(jms-session=*N/A*) [with parameters: [Address [name=validate-order-response, id=0, routingTypes={ANYCAST}, autoCreated=false, paused=false], validate-order-response, null, false, true, -1, false, false, false, -1, null, false, null, false, 0, -1, true, 0, 0, true]]
2020-09-29 23:26:54.677  INFO 5122 --- [Impl$6@895043f)] org.apache.activemq.audit.base           : AMQ601065: User anonymous is creating a queue on target resource: ServerSessionImpl(jms-session=*N/A*) [with parameters: [Address [name=allocate-order-response, id=0, routingTypes={ANYCAST}, autoCreated=false, paused=false], allocate-order-response, null, false, true, -1, false, false, false, -1, null, false, null, false, 0, -1, true, 0, 0, true]]
2020-09-29 23:26:54.680  INFO 5122 --- [Impl$6@895043f)] org.apache.activemq.audit.base           : AMQ601019: User anonymous is getting mbean info on target resource: org.apache.activemq.artemis.core.management.impl.AddressControlImpl@56617d53 []
2020-09-29 23:26:54.681  INFO 5122 --- [Impl$6@895043f)] org.apache.activemq.audit.base           : AMQ601019: User anonymous is getting mbean info on target resource: org.apache.activemq.artemis.core.management.impl.AddressControlImpl@2d0d3ea6 []
2020-09-29 23:26:54.682  INFO 5122 --- [Impl$6@895043f)] org.apache.activemq.audit.base           : AMQ601019: User anonymous is getting mbean info on target resource: org.apache.activemq.artemis.core.management.impl.AddressControlImpl@4bb6bc8c []
2020-09-29 23:26:54.683  INFO 5122 --- [Impl$6@895043f)] org.apache.activemq.audit.base           : AMQ601019: User anonymous is getting mbean info on target resource: org.apache.activemq.artemis.core.management.impl.QueueControlImpl@596a018d []
2020-09-29 23:26:54.685  INFO 5122 --- [Impl$6@895043f)] org.apache.activemq.audit.base           : AMQ601019: User anonymous is getting mbean info on target resource: org.apache.activemq.artemis.core.management.impl.QueueControlImpl@4f893122 []
2020-09-29 23:26:54.687  INFO 5122 --- [Impl$6@895043f)] org.apache.activemq.audit.base           : AMQ601265: User anonymous is creating a core consumer on target resource ServerSessionImpl(jms-session=*N/A*) [with parameters: [0, validate-order, null, 0, false, true, null]]
2020-09-29 23:26:54.687  INFO 5122 --- [Impl$6@895043f)] org.apache.activemq.audit.base           : AMQ601019: User anonymous is getting mbean info on target resource: org.apache.activemq.artemis.core.management.impl.QueueControlImpl@4e688cc1 []
2020-09-29 23:26:54.687  INFO 5122 --- [Impl$6@895043f)] org.apache.activemq.audit.base           : AMQ601265: User anonymous is creating a core consumer on target resource ServerSessionImpl(jms-session=*N/A*) [with parameters: [0, allocate-order-response, null, 0, false, true, null]]
2020-09-29 23:26:54.689  INFO 5122 --- [Impl$6@895043f)] org.apache.activemq.audit.base           : AMQ601265: User anonymous is creating a core consumer on target resource ServerSessionImpl(jms-session=*N/A*) [with parameters: [0, validate-order-response, null, 0, false, true, null]]
2020-09-29 23:26:54.920 ERROR 5122 --- [pool-2-thread-1] a.c.b.o.s.services.TastingRoomService    : Too many or too few tasting room customers found
2020-09-29 23:26:54.991 DEBUG 5122 --- [           main] a.c.b.o.s.bootstrap.BeerOrderBootStrap   : Tasting Room Customer Id: 9466c733-5a85-496c-a58c-1bb07a293a36
2020-09-29 23:26:55.021  INFO 5122 --- [           main] org.eclipse.jetty.server.Server          : jetty-9.4.22.v20191022; built: 2019-10-22T13:37:13.455Z; git: b1e6b55512e008f7fbdf1cbea4ff8a6446d1073b; jvm 11.0.6+10-LTS
2020-09-29 23:26:55.023  INFO 5122 --- [           main] o.e.jetty.server.handler.ContextHandler  : Started o.e.j.s.ServletContextHandler@3c979833{/__admin,null,AVAILABLE}
2020-09-29 23:26:55.023  INFO 5122 --- [           main] o.e.jetty.server.handler.ContextHandler  : Started o.e.j.s.ServletContextHandler@36c68f33{/,null,AVAILABLE}
2020-09-29 23:26:55.151  INFO 5122 --- [           main] o.e.jetty.server.AbstractConnector       : Stopped NetworkTrafficServerConnector@117bcf28{HTTP/1.1,[http/1.1]}{0.0.0.0:8080}
2020-09-29 23:26:55.153  INFO 5122 --- [           main] o.e.jetty.server.handler.ContextHandler  : Stopped o.e.j.s.ServletContextHandler@36c68f33{/,null,UNAVAILABLE}
2020-09-29 23:26:55.153  INFO 5122 --- [           main] o.e.jetty.server.handler.ContextHandler  : Stopped o.e.j.s.ServletContextHandler@3c979833{/__admin,null,UNAVAILABLE}
]]></system-out>
  </testcase>
</testsuite>